<?xml version="1.0" encoding="UTF-8"?>
<testng-results ignored="0" total="4" passed="4" failed="0" skipped="0">
  <reporter-output>
  </reporter-output>
  <suite started-at="2024-04-14T22:14:38 IST" name="Suite" finished-at="2024-04-14T22:15:24 IST" duration-ms="46326">
    <groups>
    </groups>
    <test started-at="2024-04-14T22:14:38 IST" name="Test" finished-at="2024-04-14T22:15:24 IST" duration-ms="46326">
      <class name="tests.TestCase">
        <test-method is-config="true" signature="setup()[pri:0, instance:tests.TestCase@128d2484]" started-at="2024-04-14T22:14:38 IST" name="setup" finished-at="2024-04-14T22:14:53 IST" duration-ms="15043" status="PASS">
          <reporter-output>
          </reporter-output>
        </test-method> <!-- setup -->
        <test-method signature="test1()[pri:0, instance:tests.TestCase@128d2484]" started-at="2024-04-14T22:14:53 IST" name="test1" finished-at="2024-04-14T22:15:00 IST" duration-ms="6542" status="PASS">
          <reporter-output>
          </reporter-output>
        </test-method> <!-- test1 -->
        <test-method signature="test2()[pri:1, instance:tests.TestCase@128d2484]" started-at="2024-04-14T22:15:00 IST" name="test2" finished-at="2024-04-14T22:15:00 IST" depends-on-methods="tests.TestCase.test1" duration-ms="156" status="PASS">
          <reporter-output>
          </reporter-output>
        </test-method> <!-- test2 -->
        <test-method signature="test3()[pri:2, instance:tests.TestCase@128d2484]" started-at="2024-04-14T22:15:00 IST" name="test3" finished-at="2024-04-14T22:15:16 IST" depends-on-methods="tests.TestCase.test2" duration-ms="16142" status="PASS">
          <reporter-output>
          </reporter-output>
        </test-method> <!-- test3 -->
        <test-method signature="test4()[pri:3, instance:tests.TestCase@128d2484]" started-at="2024-04-14T22:15:16 IST" name="test4" finished-at="2024-04-14T22:15:23 IST" depends-on-methods="tests.TestCase.test3" duration-ms="7245" status="PASS">
          <reporter-output>
          </reporter-output>
        </test-method> <!-- test4 -->
        <test-method is-config="true" signature="closeBrowser()[pri:0, instance:tests.TestCase@128d2484]" started-at="2024-04-14T22:15:23 IST" name="closeBrowser" finished-at="2024-04-14T22:15:24 IST" duration-ms="1156" status="PASS">
          <reporter-output>
          </reporter-output>
        </test-method> <!-- closeBrowser -->
      </class> <!-- tests.TestCase -->
    </test> <!-- Test -->
  </suite> <!-- Suite -->
</testng-results>
